2024-08-20 02:11:09,749 - INFO - Начинаем процесс резервного копирования фотографий...
2024-08-20 02:11:09,904 - INFO - Найдено фотографий: 2
2024-08-20 02:11:10,477 - INFO - Начинаем загрузку фотографий на Яндекс.Диск...
2024-08-20 02:11:10,876 - INFO - Загружена фотография: 25_1596222404.jpg
2024-08-20 02:11:11,423 - INFO - Загружена фотография: 36_1641199613.jpg
2024-08-20 02:11:11,426 - INFO - Процесс резервного копирования завершен.
2024-08-20 02:13:28,468 - INFO - Начинаем процесс резервного копирования фотографий...
2024-08-20 02:13:28,608 - INFO - Найдено фотографий: 2
2024-08-20 02:13:28,961 - INFO - Начинаем загрузку фотографий на Яндекс.Диск...
2024-08-20 02:13:29,220 - INFO - Загружена фотография: 25_1596222404.jpg
2024-08-20 02:13:29,520 - INFO - Загружена фотография: 36_1641199613.jpg
2024-08-20 02:13:29,523 - INFO - Процесс резервного копирования завершен.
2024-08-20 02:16:27,500 - INFO - Получение фотографий из ВКонтакте...
2024-08-20 02:16:27,603 - ERROR - Ошибка: Anonymous token is invalid
2024-08-20 02:17:11,853 - INFO - Получение фотографий из ВКонтакте...
2024-08-20 02:17:11,988 - INFO - Успешно получено 2 фотографий.
2024-08-20 02:17:11,989 - INFO - Загрузка фотографий на Яндекс.Диск...
2024-08-20 02:17:12,495 - INFO - Папка VK_Photos_Backup уже существует на Яндекс.Диске.
2024-08-20 02:17:12,934 - INFO - Фотография 25_1596222404.jpg успешно загружена.
2024-08-20 02:17:13,218 - INFO - Фотография 36_1641199613.jpg успешно загружена.
2024-08-20 02:17:13,220 - INFO - Резервное копирование завершено.
